<?xml version="1.0" encoding="utf-8"?><testsuites name="pytest tests"><testsuite name="pytest" errors="0" failures="0" skipped="0" tests="10" time="28.671" timestamp="2026-06-10T20:36:47.487711+00:00" hostname="agent-env-5cf58d76-4833-4904-9a00-f1e039f466e3"><testcase classname="backend.tests.test_goal_loop.TestRBAC" name="test_get_goals_unauthenticated_is_401" time="0.172" /><testcase classname="backend.tests.test_goal_loop.TestRBAC" name="test_post_goals_unauthenticated_is_401" time="0.125" /><testcase classname="backend.tests.test_goal_loop.TestRBAC" name="test_demo_alt_email_also_authenticates" time="0.642" /><testcase classname="backend.tests.test_goal_loop.TestSeededGoal" name="test_list_goals_returns_seeded" time="0.741" /><testcase classname="backend.tests.test_goal_loop.TestSeededGoal" name="test_seeded_goal_has_rounds_and_met_criteria" time="1.984" /><testcase classname="backend.tests.test_goal_loop.TestIntake" name="test_post_creates_intake_goal" time="7.176" /><testcase classname="backend.tests.test_goal_loop.TestHumanGate" name="test_post_round_on_intake_is_409" time="1.648" /><testcase classname="backend.tests.test_goal_loop.TestHumanGate" name="test_patch_approve_criteria_flips_to_active" time="0.173" /><testcase classname="backend.tests.test_goal_loop.TestHumanGate" name="test_patch_stop_flips_to_stopped" time="7.472" /><testcase classname="backend.tests.test_goal_loop.TestConcurrencyGating" name="test_double_post_round_returns_409" time="8.446" /></testsuite></testsuites>