<?xml version="1.0" encoding="utf-8"?><testsuites name="pytest tests"><testsuite name="pytest" errors="0" failures="0" skipped="0" tests="16" time="20.969" timestamp="2026-06-02T03:33:52.372614+00:00" hostname="agent-env-e9627c58-b42a-46d1-9b93-5df7ffcc3e99"><testcase classname="backend.tests.test_trent_backend.TestBridge" name="test_health_endpoint" time="4.644" /><testcase classname="backend.tests.test_trent_backend.TestBridge" name="test_chat_completions" time="1.029" /><testcase classname="backend.tests.test_trent_backend.TestOrchestrator" name="test_post_orchestrate_creates_run" time="0.330" /><testcase classname="backend.tests.test_trent_backend.TestOrchestrator" name="test_get_orchestrate_returns_run" time="8.063" /><testcase classname="backend.tests.test_trent_backend.TestOrchestrator" name="test_orchestrate_makes_progress" time="5.057" /><testcase classname="backend.tests.test_trent_backend.TestOrchestrator" name="test_post_orchestrate_requires_objective" time="0.110" /><testcase classname="backend.tests.test_trent_backend.TestOrchestrator" name="test_orchestrate_unauth" time="0.089" /><testcase classname="backend.tests.test_trent_backend.TestHeartbeat" name="test_company_heartbeat" time="0.326" /><testcase classname="backend.tests.test_trent_backend.TestHeartbeat" name="test_heartbeat_sweep" time="0.712" /><testcase classname="backend.tests.test_trent_backend.TestWikiNotes" name="test_create_note_with_links_and_tags" time="0.102" /><testcase classname="backend.tests.test_trent_backend.TestWikiNotes" name="test_list_notes_with_tree" time="0.067" /><testcase classname="backend.tests.test_trent_backend.TestWikiNotes" name="test_get_note_by_id" time="0.045" /><testcase classname="backend.tests.test_trent_backend.TestWikiNotes" name="test_graph_view" time="0.045" /><testcase classname="backend.tests.test_trent_backend.TestWikiNotes" name="test_upload_markdown" time="0.074" /><testcase classname="backend.tests.test_trent_backend.TestWikiNotes" name="test_delete_note" time="0.129" /><testcase classname="backend.tests.test_trent_backend.TestWikiNotes" name="test_post_wiki_requires_title" time="0.056" /></testsuite></testsuites>